2023-05-17 11:16:32.620 [info] Log level: Info
2023-05-17 11:16:32.620 [info] Validating found git in: "git"
2023-05-17 11:16:32.620 [info] Using git "2.34.1" from "git"
2023-05-17 11:16:32.620 [info] > git rev-parse --show-toplevel [65ms]
2023-05-17 11:16:32.620 [info] fatal: not a git repository (or any of the parent directories): .git
2023-05-17 11:16:32.620 [info] > git rev-parse --show-toplevel [15ms]
2023-05-17 11:16:32.620 [info] fatal: not a git repository (or any of the parent directories): .git
2023-05-17 11:16:32.620 [info] > git rev-parse --show-toplevel [3ms]
2023-05-17 11:16:32.620 [info] fatal: not a git repository (or any of the parent directories): .git
2023-05-17 11:16:32.620 [info] > git rev-parse --show-toplevel [1ms]
2023-05-17 11:16:32.620 [info] fatal: not a git repository (or any of the parent directories): .git
2023-05-17 11:16:32.620 [info] > git rev-parse --show-toplevel [9ms]
2023-05-17 11:16:32.620 [info] fatal: not a git repository (or any of the parent directories): .git
2023-05-17 11:16:32.620 [info] > git rev-parse --show-toplevel [3ms]
2023-05-17 11:16:32.620 [info] fatal: not a git repository (or any of the parent directories): .git
2023-05-17 11:16:32.620 [info] > git rev-parse --show-toplevel [2ms]
2023-05-17 11:16:32.620 [info] fatal: not a git repository (or any of the parent directories): .git
2023-05-17 11:16:32.620 [info] > git rev-parse --show-toplevel [1ms]
2023-05-17 11:16:32.620 [info] fatal: not a git repository (or any of the parent directories): .git
2023-05-17 11:16:32.620 [info] > git rev-parse --show-toplevel [22ms]
2023-05-17 11:16:32.620 [info] fatal: not a git repository (or any of the parent directories): .git
2023-05-17 11:16:32.620 [info] > git rev-parse --show-toplevel [2ms]
2023-05-17 11:16:32.620 [info] fatal: not a git repository (or any of the parent directories): .git
2023-05-17 11:24:18.646 [info] > git rev-parse --show-toplevel [7ms]
2023-05-17 11:24:18.646 [info] fatal: not a git repository (or any of the parent directories): .git
2023-05-17 12:05:53.433 [info] > git rev-parse --show-toplevel [13ms]
2023-05-17 12:05:53.434 [info] fatal: not a git repository (or any of the parent directories): .git
2023-05-17 14:06:28.839 [info] > git rev-parse --show-toplevel [4ms]
2023-05-17 14:06:28.840 [info] fatal: not a git repository (or any of the parent directories): .git
