2023-05-17 08:53:22.421 [info] Log level: Info
2023-05-17 08:53:22.421 [info] Validating found git in: "git"
2023-05-17 08:53:22.421 [info] Using git "2.34.1" from "git"
2023-05-17 08:53:22.421 [info] > git rev-parse --show-toplevel [18ms]
2023-05-17 08:53:22.421 [info] fatal: not a git repository (or any of the parent directories): .git
2023-05-17 08:53:22.421 [info] > git rev-parse --show-toplevel [14ms]
2023-05-17 08:53:22.421 [info] fatal: not a git repository (or any of the parent directories): .git
2023-05-17 08:53:22.421 [info] > git rev-parse --show-toplevel [10ms]
2023-05-17 08:53:22.421 [info] fatal: not a git repository (or any of the parent directories): .git
2023-05-17 08:53:22.421 [info] > git rev-parse --show-toplevel [22ms]
2023-05-17 08:53:22.421 [info] fatal: not a git repository (or any of the parent directories): .git
2023-05-17 08:53:22.421 [info] > git rev-parse --show-toplevel [4ms]
2023-05-17 08:53:22.421 [info] fatal: not a git repository (or any of the parent directories): .git
2023-05-17 08:53:22.421 [info] > git rev-parse --show-toplevel [3ms]
2023-05-17 08:53:22.421 [info] fatal: not a git repository (or any of the parent directories): .git
2023-05-17 08:53:22.421 [info] > git rev-parse --show-toplevel [1ms]
2023-05-17 08:53:22.421 [info] fatal: not a git repository (or any of the parent directories): .git
2023-05-17 08:53:22.421 [info] > git rev-parse --show-toplevel [2ms]
2023-05-17 08:53:22.421 [info] fatal: not a git repository (or any of the parent directories): .git
2023-05-17 08:53:22.421 [info] > git rev-parse --show-toplevel [5ms]
2023-05-17 08:53:22.421 [info] fatal: not a git repository (or any of the parent directories): .git
2023-05-17 08:53:22.421 [info] > git rev-parse --show-toplevel [6ms]
2023-05-17 08:53:22.421 [info] fatal: not a git repository (or any of the parent directories): .git
2023-05-17 08:56:45.579 [info] > git rev-parse --show-toplevel [20ms]
2023-05-17 08:56:45.579 [info] fatal: not a git repository (or any of the parent directories): .git
2023-05-17 08:56:45.992 [info] > git rev-parse --show-toplevel [4ms]
2023-05-17 08:56:45.992 [info] fatal: not a git repository (or any of the parent directories): .git
2023-05-17 08:58:50.439 [info] > git rev-parse --show-toplevel [5ms]
2023-05-17 08:58:50.439 [info] fatal: not a git repository (or any of the parent directories): .git
2023-05-17 09:00:23.398 [info] > git rev-parse --show-toplevel [3ms]
2023-05-17 09:00:23.398 [info] fatal: not a git repository (or any of the parent directories): .git
2023-05-17 09:43:56.133 [info] > git rev-parse --show-toplevel [4ms]
2023-05-17 09:43:56.134 [info] fatal: not a git repository (or any of the parent directories): .git
2023-05-17 09:45:49.999 [info] > git rev-parse --show-toplevel [11ms]
2023-05-17 09:45:49.999 [info] fatal: not a git repository (or any of the parent directories): .git
2023-05-17 09:45:53.516 [info] > git rev-parse --show-toplevel [6ms]
2023-05-17 09:45:53.516 [info] fatal: not a git repository (or any of the parent directories): .git
2023-05-17 09:50:02.364 [info] > git rev-parse --show-toplevel [3ms]
2023-05-17 09:50:02.364 [info] fatal: not a git repository (or any of the parent directories): .git
2023-05-17 09:50:19.194 [info] > git rev-parse --show-toplevel [3ms]
2023-05-17 09:50:19.194 [info] fatal: not a git repository (or any of the parent directories): .git
2023-05-17 09:50:28.127 [info] > git rev-parse --show-toplevel [2ms]
2023-05-17 09:50:28.127 [info] fatal: not a git repository (or any of the parent directories): .git
2023-05-17 09:51:10.724 [info] > git rev-parse --show-toplevel [2ms]
2023-05-17 09:51:10.724 [info] fatal: not a git repository (or any of the parent directories): .git
2023-05-17 09:51:28.217 [info] > git rev-parse --show-toplevel [3ms]
2023-05-17 09:51:28.217 [info] fatal: not a git repository (or any of the parent directories): .git
2023-05-17 09:52:17.152 [info] > git rev-parse --show-toplevel [4ms]
2023-05-17 09:52:17.152 [info] fatal: not a git repository (or any of the parent directories): .git
2023-05-17 09:52:53.287 [info] > git rev-parse --show-toplevel [3ms]
2023-05-17 09:52:53.287 [info] fatal: not a git repository (or any of the parent directories): .git
2023-05-17 09:52:56.546 [info] > git rev-parse --show-toplevel [3ms]
2023-05-17 09:52:56.546 [info] fatal: not a git repository (or any of the parent directories): .git
2023-05-17 09:53:08.696 [info] > git rev-parse --show-toplevel [3ms]
2023-05-17 09:53:08.696 [info] fatal: not a git repository (or any of the parent directories): .git
2023-05-17 09:53:12.923 [info] > git rev-parse --show-toplevel [2ms]
2023-05-17 09:53:12.923 [info] fatal: not a git repository (or any of the parent directories): .git
2023-05-17 09:54:26.545 [info] > git rev-parse --show-toplevel [2ms]
2023-05-17 09:54:26.545 [info] fatal: not a git repository (or any of the parent directories): .git
2023-05-17 09:54:38.144 [info] > git rev-parse --show-toplevel [5ms]
2023-05-17 09:54:38.144 [info] fatal: not a git repository (or any of the parent directories): .git
2023-05-17 09:56:52.453 [info] > git rev-parse --show-toplevel [3ms]
2023-05-17 09:56:52.453 [info] fatal: not a git repository (or any of the parent directories): .git
2023-05-17 09:56:54.607 [info] > git rev-parse --show-toplevel [2ms]
2023-05-17 09:56:54.607 [info] fatal: not a git repository (or any of the parent directories): .git
