2023-05-17 13:01:24.397 [info] Log level: Info
2023-05-17 13:01:24.397 [info] Validating found git in: "git"
2023-05-17 13:01:24.397 [info] Using git "2.34.1" from "git"
2023-05-17 13:01:24.397 [info] > git rev-parse --show-toplevel [40ms]
2023-05-17 13:01:24.397 [info] > git rev-parse --show-toplevel [16ms]
2023-05-17 13:01:24.397 [info] > git rev-parse --show-toplevel [2ms]
2023-05-17 13:01:24.397 [info] > git rev-parse --show-toplevel [1ms]
2023-05-17 13:01:24.397 [info] > git rev-parse --show-toplevel [2ms]
2023-05-17 13:01:35.534 [info] > git rev-parse --show-toplevel [6ms]
2023-05-17 13:01:35.540 [info] > git rev-parse --git-dir --git-common-dir [2ms]
2023-05-17 13:01:35.550 [info] Open repository: /home/az/kmc-frontend
2023-05-17 13:01:35.562 [info] > git config --get commit.template [6ms]
2023-05-17 13:01:35.566 [info] > git for-each-ref --format=%(refname)%00%(upstream:short)%00%(objectname)%00%(upstream:track)%00%(upstream:remotename)%00%(upstream:remoteref) refs/heads/test_live refs/remotes/test_live [5ms]
2023-05-17 13:01:35.588 [info] > git status -z -uall [15ms]
2023-05-17 13:01:35.605 [info] > git config --get commit.template [5ms]
2023-05-17 13:01:35.608 [info] > git for-each-ref --format=%(refname)%00%(upstream:short)%00%(objectname)%00%(upstream:track)%00%(upstream:remotename)%00%(upstream:remoteref) refs/heads/test_live refs/remotes/test_live [4ms]
2023-05-17 13:01:35.618 [info] > git status -z -uall [8ms]
2023-05-17 13:01:46.026 [info] > git config --get commit.template [5ms]
2023-05-17 13:01:46.028 [info] > git for-each-ref --format=%(refname)%00%(upstream:short)%00%(objectname)%00%(upstream:track)%00%(upstream:remotename)%00%(upstream:remoteref) refs/heads/main refs/remotes/main [2ms]
2023-05-17 13:01:46.041 [info] > git status -z -uall [8ms]
2023-05-17 13:01:51.819 [info] > git config --get commit.template [5ms]
2023-05-17 13:01:51.820 [info] > git for-each-ref --format=%(refname)%00%(upstream:short)%00%(objectname)%00%(upstream:track)%00%(upstream:remotename)%00%(upstream:remoteref) refs/heads/main refs/remotes/main [2ms]
2023-05-17 13:01:51.832 [info] > git status -z -uall [9ms]
2023-05-17 13:01:56.848 [info] > git config --get commit.template [5ms]
2023-05-17 13:01:56.854 [info] > git for-each-ref --format=%(refname)%00%(upstream:short)%00%(objectname)%00%(upstream:track)%00%(upstream:remotename)%00%(upstream:remoteref) refs/heads/main refs/remotes/main [6ms]
2023-05-17 13:01:56.868 [info] > git status -z -uall [9ms]
2023-05-17 13:05:04.061 [info] > git check-ignore -v -z --stdin [7ms]
2023-05-17 13:05:31.313 [info] > git config --get commit.template [5ms]
2023-05-17 13:05:31.314 [info] > git for-each-ref --format=%(refname)%00%(upstream:short)%00%(objectname)%00%(upstream:track)%00%(upstream:remotename)%00%(upstream:remoteref) refs/heads/main refs/remotes/main [2ms]
2023-05-17 13:05:31.335 [info] > git status -z -uall [15ms]
2023-05-17 13:05:31.463 [info] > git check-ignore -v -z --stdin [2ms]
2023-05-17 13:05:39.890 [info] > git config --get commit.template [5ms]
2023-05-17 13:05:39.891 [info] > git for-each-ref --format=%(refname)%00%(upstream:short)%00%(objectname)%00%(upstream:track)%00%(upstream:remotename)%00%(upstream:remoteref) refs/heads/main refs/remotes/main [2ms]
2023-05-17 13:05:39.902 [info] > git status -z -uall [9ms]
2023-05-17 13:07:10.212 [info] > git config --get commit.template [4ms]
2023-05-17 13:07:10.214 [info] > git for-each-ref --format=%(refname)%00%(upstream:short)%00%(objectname)%00%(upstream:track)%00%(upstream:remotename)%00%(upstream:remoteref) refs/heads/main refs/remotes/main [2ms]
2023-05-17 13:07:10.231 [info] > git status -z -uall [15ms]
2023-05-17 13:09:48.940 [info] > git config --get commit.template [5ms]
2023-05-17 13:09:48.942 [info] > git for-each-ref --format=%(refname)%00%(upstream:short)%00%(objectname)%00%(upstream:track)%00%(upstream:remotename)%00%(upstream:remoteref) refs/heads/main refs/remotes/main [3ms]
2023-05-17 13:09:48.952 [info] > git status -z -uall [8ms]
2023-05-17 13:10:25.088 [info] > git config --get commit.template [4ms]
2023-05-17 13:10:25.090 [info] > git for-each-ref --format=%(refname)%00%(upstream:short)%00%(objectname)%00%(upstream:track)%00%(upstream:remotename)%00%(upstream:remoteref) refs/heads/main refs/remotes/main [2ms]
2023-05-17 13:10:25.100 [info] > git status -z -uall [8ms]
2023-05-17 13:10:30.401 [info] > git check-ignore -v -z --stdin [2ms]
2023-05-17 14:06:42.351 [info] > git check-ignore -v -z --stdin [4ms]
2023-05-17 14:09:15.665 [info] > git check-ignore -v -z --stdin [2ms]
2023-05-17 14:09:16.370 [info] > git ls-files --stage -- /home/az/kmc-frontend/KMC/src/environments/environment.ts [7ms]
2023-05-17 14:09:16.382 [info] > git show --textconv :KMC/src/environments/environment.ts [30ms]
2023-05-17 14:09:16.389 [info] > git cat-file -s 6a11ef7a58301417a5e65f1db919ea4f78647bf5 [8ms]
