2023-06-11 09:49:34.210 [info] Log level: Info
2023-06-11 09:49:34.210 [info] Validating found git in: "git"
2023-06-11 09:49:34.210 [info] Using git "2.34.1" from "git"
2023-06-11 09:49:34.210 [info] > git rev-parse --show-toplevel [13ms]
2023-06-11 09:49:34.210 [info] > git rev-parse --git-dir --git-common-dir [8ms]
2023-06-11 09:49:34.210 [info] Open repository: /home/az/kmc-frontend
2023-06-11 09:49:34.210 [info] > git rev-parse --show-toplevel [25ms]
2023-06-11 09:49:34.210 [info] > git config --get commit.template [15ms]
2023-06-11 09:49:34.210 [info] > git rev-parse --show-toplevel [9ms]
2023-06-11 09:49:34.210 [info] > git for-each-ref --format=%(refname)%00%(upstream:short)%00%(objectname)%00%(upstream:track)%00%(upstream:remotename)%00%(upstream:remoteref) refs/heads/main refs/remotes/main [13ms]
2023-06-11 09:49:34.210 [info] > git rev-parse --show-toplevel [13ms]
2023-06-11 09:49:34.210 [info] > git status -z -uall --find-renames=50% [48ms]
2023-06-11 09:49:34.210 [info] > git config --get commit.template [36ms]
2023-06-11 09:49:34.210 [info] > git for-each-ref --format=%(refname)%00%(upstream:short)%00%(objectname)%00%(upstream:track)%00%(upstream:remotename)%00%(upstream:remoteref) refs/heads/main refs/remotes/main [11ms]
2023-06-11 09:49:34.210 [info] > git status -z -uall --find-renames=50% [22ms]
2023-06-11 09:49:34.326 [info] > git check-ignore -v -z --stdin [4ms]
2023-06-11 09:49:36.255 [info] > git config --get commit.template [6ms]
2023-06-11 09:49:36.258 [info] > git for-each-ref --format=%(refname)%00%(upstream:short)%00%(objectname)%00%(upstream:track)%00%(upstream:remotename)%00%(upstream:remoteref) refs/heads/main refs/remotes/main [4ms]
2023-06-11 09:49:36.270 [info] > git status -z -uall --find-renames=50% [9ms]
2023-06-11 09:49:41.287 [info] > git config --get commit.template [6ms]
2023-06-11 09:49:41.288 [info] > git for-each-ref --format=%(refname)%00%(upstream:short)%00%(objectname)%00%(upstream:track)%00%(upstream:remotename)%00%(upstream:remoteref) refs/heads/main refs/remotes/main [2ms]
2023-06-11 09:49:41.344 [info] > git status -z -uall --find-renames=50% [53ms]
2023-06-11 09:49:46.364 [info] > git config --get commit.template [6ms]
2023-06-11 09:49:46.365 [info] > git for-each-ref --format=%(refname)%00%(upstream:short)%00%(objectname)%00%(upstream:track)%00%(upstream:remotename)%00%(upstream:remoteref) refs/heads/main refs/remotes/main [3ms]
2023-06-11 09:49:46.418 [info] > git status -z -uall --find-renames=50% [50ms]
