2023-05-17 10:04:50.311 [info] Log level: Info
2023-05-17 10:04:50.311 [info] Validating found git in: "git"
2023-05-17 10:04:50.311 [info] Using git "2.34.1" from "git"
2023-05-17 10:04:50.311 [info] > git rev-parse --show-toplevel [40ms]
2023-05-17 10:04:50.311 [info] fatal: not a git repository (or any of the parent directories): .git
2023-05-17 10:04:50.311 [info] > git rev-parse --show-toplevel [2ms]
2023-05-17 10:04:50.312 [info] fatal: not a git repository (or any of the parent directories): .git
2023-05-17 10:04:50.312 [info] > git rev-parse --show-toplevel [2ms]
2023-05-17 10:04:50.312 [info] fatal: not a git repository (or any of the parent directories): .git
2023-05-17 10:04:50.312 [info] > git rev-parse --show-toplevel [2ms]
2023-05-17 10:04:50.312 [info] fatal: not a git repository (or any of the parent directories): .git
2023-05-17 10:04:50.312 [info] > git rev-parse --show-toplevel [4ms]
2023-05-17 10:04:50.312 [info] > git rev-parse --git-dir --git-common-dir [1ms]
2023-05-17 10:04:50.312 [info] Open repository: /home/az/.oh-my-zsh
2023-05-17 10:04:50.312 [info] > git rev-parse --show-toplevel [11ms]
2023-05-17 10:04:50.312 [info] fatal: not a git repository (or any of the parent directories): .git
2023-05-17 10:04:50.312 [info] > git rev-parse --show-toplevel [1ms]
2023-05-17 10:04:50.312 [info] fatal: not a git repository (or any of the parent directories): .git
2023-05-17 10:04:50.313 [info] > git config --get commit.template [15ms]
2023-05-17 10:04:50.313 [info] > git rev-parse --show-toplevel [24ms]
2023-05-17 10:04:50.313 [info] > git for-each-ref --format=%(refname)%00%(upstream:short)%00%(objectname)%00%(upstream:track)%00%(upstream:remotename)%00%(upstream:remoteref) refs/heads/master refs/remotes/master [13ms]
2023-05-17 10:04:50.313 [info] > git rev-parse --git-dir --git-common-dir [10ms]
2023-05-17 10:04:50.313 [info] Open repository: /home/az/kmc
2023-05-17 10:04:50.313 [info] > git status -z -uall [22ms]
2023-05-17 10:04:50.313 [info] > git config --get commit.template [16ms]
2023-05-17 10:04:50.313 [info] > git rev-parse --show-toplevel [22ms]
2023-05-17 10:04:50.313 [info] > git config --get commit.template [6ms]
2023-05-17 10:04:50.313 [info] > git rev-parse --git-dir --git-common-dir [7ms]
2023-05-17 10:04:50.313 [info] Open repository: /home/az/kmc-frontend
2023-05-17 10:04:50.313 [info] > git for-each-ref --format=%(refname)%00%(upstream:short)%00%(objectname)%00%(upstream:track)%00%(upstream:remotename)%00%(upstream:remoteref) refs/heads/main refs/remotes/main [60ms]
2023-05-17 10:04:50.313 [info] > git config --get commit.template [6ms]
2023-05-17 10:04:50.315 [info] > git for-each-ref --format=%(refname)%00%(upstream:short)%00%(objectname)%00%(upstream:track)%00%(upstream:remotename)%00%(upstream:remoteref) refs/heads/master refs/remotes/master [49ms]
2023-05-17 10:04:50.315 [info] > git rev-parse --show-toplevel [65ms]
2023-05-17 10:04:50.315 [info] > git status -z -uall [26ms]
2023-05-17 10:04:50.315 [info] > git status -z -uall [36ms]
2023-05-17 10:04:50.315 [info] > git rev-parse --git-dir --git-common-dir [28ms]
2023-05-17 10:04:50.315 [info] Open repository: /home/az/powerlevel10k
2023-05-17 10:04:50.315 [info] > git config --get commit.template [36ms]
2023-05-17 10:04:50.315 [info] > git for-each-ref --format=%(refname)%00%(upstream:short)%00%(objectname)%00%(upstream:track)%00%(upstream:remotename)%00%(upstream:remoteref) refs/heads/main refs/remotes/main [41ms]
2023-05-17 10:04:50.315 [info] > git config --get commit.template [13ms]
2023-05-17 10:04:50.315 [info] > git for-each-ref --format=%(refname)%00%(upstream:short)%00%(objectname)%00%(upstream:track)%00%(upstream:remotename)%00%(upstream:remoteref) refs/heads/main refs/remotes/main [24ms]
2023-05-17 10:04:50.315 [info] > git for-each-ref --format=%(refname)%00%(upstream:short)%00%(objectname)%00%(upstream:track)%00%(upstream:remotename)%00%(upstream:remoteref) refs/heads/master refs/remotes/master [19ms]
2023-05-17 10:04:50.315 [info] > git status -z -uall [26ms]
2023-05-17 10:04:50.315 [info] > git status -z -uall [89ms]
2023-05-17 10:04:50.315 [info] > git status -z -uall [183ms]
2023-05-17 10:04:50.690 [info] > git check-ignore -v -z --stdin [13ms]
2023-05-17 10:04:50.691 [info] > git check-ignore -v -z --stdin [9ms]
2023-05-17 10:04:50.691 [info] > git check-ignore -v -z --stdin [6ms]
2023-05-17 10:04:50.696 [info] > git check-ignore -v -z --stdin [8ms]
2023-05-17 10:05:12.909 [info] > git check-ignore -v -z --stdin [3ms]
2023-05-17 10:05:13.738 [info] > git check-ignore -v -z --stdin [3ms]
2023-05-17 10:05:15.509 [info] > git check-ignore -v -z --stdin [2ms]
2023-05-17 10:05:20.180 [info] > git check-ignore -v -z --stdin [3ms]
2023-05-17 10:05:30.696 [info] > git config --get commit.template [4ms]
2023-05-17 10:05:30.698 [info] > git for-each-ref --format=%(refname)%00%(upstream:short)%00%(objectname)%00%(upstream:track)%00%(upstream:remotename)%00%(upstream:remoteref) refs/heads/main refs/remotes/main [3ms]
2023-05-17 10:05:30.741 [info] > git status -z -uall [41ms]
2023-05-17 10:22:46.391 [info] > git check-ignore -v -z --stdin [5ms]
2023-05-17 10:22:49.771 [info] > git show --textconv :KMC/dist/kmc/index.html [5ms]
2023-05-17 10:22:49.777 [info] > git ls-files --stage -- /home/az/kmc-frontend/KMC/dist/kmc/index.html [7ms]
2023-05-17 10:22:49.787 [info] > git cat-file -s 00c4f9682630563b79fc84cd8ce0e1f026a81b7b [4ms]
2023-05-17 10:25:12.501 [info] > git check-ignore -v -z --stdin [3ms]
2023-05-17 10:25:20.797 [info] > git check-ignore -v -z --stdin [2ms]
2023-05-17 10:25:22.895 [info] > git show --textconv :KMC/src/environments/environment.ts [18ms]
2023-05-17 10:25:22.903 [info] > git ls-files --stage -- /home/az/kmc-frontend/KMC/src/environments/environment.ts [14ms]
2023-05-17 10:25:22.924 [info] > git cat-file -s 6a11ef7a58301417a5e65f1db919ea4f78647bf5 [9ms]
2023-05-17 10:25:47.567 [info] > git ls-files --stage -- /home/az/kmc-frontend/KMC/dist/kmc/index.html [20ms]
2023-05-17 10:25:47.573 [info] > git show --textconv :KMC/dist/kmc/index.html [29ms]
2023-05-17 10:25:47.575 [info] > git cat-file -s 00c4f9682630563b79fc84cd8ce0e1f026a81b7b [4ms]
2023-05-17 10:30:39.980 [info] > git show --textconv :package.json [22ms]
2023-05-17 10:30:39.981 [info] > git ls-files --stage -- /home/az/kmc-frontend/package.json [18ms]
2023-05-17 10:30:39.990 [info] > git cat-file -s 072b42d9186bb750ff4d444ac379a293677ccea6 [3ms]
2023-05-17 10:30:48.895 [info] > git show --textconv :KMC/package.json [18ms]
2023-05-17 10:30:48.908 [info] > git ls-files --stage -- /home/az/kmc-frontend/KMC/package.json [14ms]
2023-05-17 10:30:48.922 [info] > git cat-file -s 26d1179fd5da6b2ff9e44789e18b5e674b1f7dfc [7ms]
2023-05-17 10:31:47.391 [info] > git rev-parse --show-toplevel [2ms]
2023-05-17 10:31:47.397 [info] > git rev-parse --git-dir --git-common-dir [2ms]
2023-05-17 10:31:47.411 [info] Open repository: /home/az/.nvm
2023-05-17 10:31:47.423 [info] > git config --get commit.template [6ms]
2023-05-17 10:31:47.425 [info] > git for-each-ref --format %(refname) %(objectname) %(*objectname) refs/tags [3ms]
2023-05-17 10:31:47.435 [info] > git status -z -uall [6ms]
2023-05-17 10:31:48.178 [info] > git check-ignore -v -z --stdin [18ms]
2023-05-17 10:31:48.178 [info] > git check-ignore -v -z --stdin [14ms]
2023-05-17 10:31:48.179 [info] > git check-ignore -v -z --stdin [11ms]
2023-05-17 10:31:48.182 [info] > git check-ignore -v -z --stdin [11ms]
2023-05-17 10:31:48.183 [info] > git check-ignore -v -z --stdin [7ms]
2023-05-17 10:31:48.621 [info] > git config --get commit.template [5ms]
2023-05-17 10:31:48.622 [info] > git for-each-ref --format %(refname) %(objectname) %(*objectname) refs/tags [2ms]
2023-05-17 10:31:48.629 [info] > git status -z -uall [4ms]
2023-05-17 10:33:07.100 [info] > git config --get commit.template [11ms]
2023-05-17 10:33:07.102 [info] > git for-each-ref --format=%(refname)%00%(upstream:short)%00%(objectname)%00%(upstream:track)%00%(upstream:remotename)%00%(upstream:remoteref) refs/heads/main refs/remotes/main [2ms]
2023-05-17 10:33:07.166 [info] > git status -z -uall [60ms]
2023-05-17 10:33:50.436 [info] > git ls-files --stage -- /home/az/kmc-frontend/KMC/src/environments/environment.ts [6ms]
2023-05-17 10:33:50.441 [info] > git ls-files --stage -- /home/az/kmc-frontend/KMC/package.json [6ms]
2023-05-17 10:33:50.445 [info] > git cat-file -s 6a11ef7a58301417a5e65f1db919ea4f78647bf5 [5ms]
2023-05-17 10:33:50.447 [info] > git cat-file -s 26d1179fd5da6b2ff9e44789e18b5e674b1f7dfc [2ms]
2023-05-17 10:33:50.552 [info] > git show --textconv :KMC/src/environments/environment.ts [8ms]
2023-05-17 10:33:50.554 [info] > git show --textconv :KMC/package.json [3ms]
2023-05-17 10:34:02.610 [info] > git config --get commit.template [13ms]
2023-05-17 10:34:02.613 [info] > git for-each-ref --format %(refname) %(objectname) %(*objectname) refs/tags [7ms]
2023-05-17 10:34:02.643 [info] > git status -z -uall [25ms]
2023-05-17 10:34:07.657 [info] > git config --get commit.template [6ms]
2023-05-17 10:34:07.659 [info] > git for-each-ref --format %(refname) %(objectname) %(*objectname) refs/tags [2ms]
2023-05-17 10:34:07.666 [info] > git status -z -uall [4ms]
2023-05-17 10:34:23.919 [info] > git config --get commit.template [23ms]
2023-05-17 10:34:23.933 [info] > git for-each-ref --format=%(refname)%00%(upstream:short)%00%(objectname)%00%(upstream:track)%00%(upstream:remotename)%00%(upstream:remoteref) refs/heads/main refs/remotes/main [15ms]
2023-05-17 10:34:24.141 [info] > git status -z -uall [198ms]
2023-05-17 10:34:25.314 [info] > git check-ignore -v -z --stdin [6ms]
2023-05-17 10:35:10.745 [info] > git config --get commit.template [93ms]
2023-05-17 10:35:10.825 [info] > git for-each-ref --format=%(refname)%00%(upstream:short)%00%(objectname)%00%(upstream:track)%00%(upstream:remotename)%00%(upstream:remoteref) refs/heads/main refs/remotes/main [89ms]
2023-05-17 10:35:11.589 [info] > git status -z -uall [656ms]
2023-05-17 10:36:59.668 [info] > git config --get commit.template [111ms]
2023-05-17 10:36:59.792 [info] > git for-each-ref --format=%(refname)%00%(upstream:short)%00%(objectname)%00%(upstream:track)%00%(upstream:remotename)%00%(upstream:remoteref) refs/heads/main refs/remotes/main [130ms]
2023-05-17 10:37:00.800 [info] > git status -z -uall [930ms]
2023-05-17 10:37:06.066 [info] > git config --get commit.template [128ms]
2023-05-17 10:37:06.112 [info] > git for-each-ref --format=%(refname)%00%(upstream:short)%00%(objectname)%00%(upstream:track)%00%(upstream:remotename)%00%(upstream:remoteref) refs/heads/main refs/remotes/main [123ms]
2023-05-17 10:37:07.224 [info] > git status -z -uall [969ms]
