2023-05-17 09:25:03.921 [info] Log level: Info
2023-05-17 09:25:03.921 [info] Validating found git in: "git"
2023-05-17 09:25:03.922 [info] Using git "2.34.1" from "git"
2023-05-17 09:25:03.922 [info] > git rev-parse --show-toplevel [6ms]
2023-05-17 09:25:03.922 [info] fatal: not a git repository (or any of the parent directories): .git
2023-05-17 09:25:03.922 [info] > git rev-parse --show-toplevel [25ms]
2023-05-17 09:25:03.922 [info] fatal: not a git repository (or any of the parent directories): .git
2023-05-17 09:25:03.922 [info] > git rev-parse --show-toplevel [4ms]
2023-05-17 09:25:03.922 [info] > git rev-parse --git-dir --git-common-dir [2ms]
2023-05-17 09:25:03.922 [info] Open repository: /home/az/.oh-my-zsh
2023-05-17 09:25:03.922 [info] > git rev-parse --show-toplevel [5ms]
2023-05-17 09:25:03.922 [info] fatal: not a git repository (or any of the parent directories): .git
2023-05-17 09:25:03.922 [info] > git config --get commit.template [4ms]
2023-05-17 09:25:03.922 [info] > git rev-parse --show-toplevel [6ms]
2023-05-17 09:25:03.922 [info] fatal: not a git repository (or any of the parent directories): .git
2023-05-17 09:25:03.923 [info] > git for-each-ref --format=%(refname)%00%(upstream:short)%00%(objectname)%00%(upstream:track)%00%(upstream:remotename)%00%(upstream:remoteref) refs/heads/master refs/remotes/master [8ms]
2023-05-17 09:25:03.923 [info] > git status -z -uall [202ms]
2023-05-17 09:25:03.923 [info] > git config --get commit.template [10ms]
2023-05-17 09:25:03.923 [info] > git for-each-ref --format=%(refname)%00%(upstream:short)%00%(objectname)%00%(upstream:track)%00%(upstream:remotename)%00%(upstream:remoteref) refs/heads/master refs/remotes/master [3ms]
2023-05-17 09:25:03.923 [info] > git status -z -uall [30ms]
2023-05-17 09:25:03.923 [info] > git check-ignore -v -z --stdin [3ms]
2023-05-17 09:25:03.923 [info] > git rev-parse --show-toplevel [2ms]
2023-05-17 09:25:03.923 [info] fatal: not a git repository (or any of the parent directories): .git
2023-05-17 09:25:03.923 [info] > git rev-parse --show-toplevel [2ms]
2023-05-17 09:25:03.923 [info] fatal: not a git repository (or any of the parent directories): .git
2023-05-17 09:25:03.923 [info] > git rev-parse --show-toplevel [19ms]
2023-05-17 09:25:03.923 [info] fatal: not a git repository (or any of the parent directories): .git
2023-05-17 09:25:14.877 [info] > git check-ignore -v -z --stdin [3ms]
2023-05-17 09:25:17.974 [info] > git check-ignore -v -z --stdin [3ms]
2023-05-17 09:25:19.212 [info] > git check-ignore -v -z --stdin [2ms]
2023-05-17 09:25:20.009 [info] > git check-ignore -v -z --stdin [2ms]
2023-05-17 09:25:22.168 [info] > git check-ignore -v -z --stdin [2ms]
2023-05-17 09:25:25.288 [info] > git check-ignore -v -z --stdin [3ms]
2023-05-17 09:25:29.659 [info] > git check-ignore -v -z --stdin [3ms]
2023-05-17 09:25:32.492 [info] > git rev-parse --show-toplevel [2ms]
2023-05-17 09:25:32.492 [info] fatal: not a git repository (or any of the parent directories): .git
2023-05-17 09:26:00.362 [info] > git rev-parse --show-toplevel [2ms]
2023-05-17 09:26:00.367 [info] > git rev-parse --git-dir --git-common-dir [1ms]
2023-05-17 09:26:00.371 [info] Open repository: /home/az/powerlevel10k
2023-05-17 09:26:00.384 [info] > git rev-parse --show-toplevel [5ms]
2023-05-17 09:26:00.388 [info] > git config --get commit.template [4ms]
2023-05-17 09:26:00.391 [info] > git rev-parse --show-toplevel [4ms]
2023-05-17 09:26:00.393 [info] > git for-each-ref --format=%(refname)%00%(upstream:short)%00%(objectname)%00%(upstream:track)%00%(upstream:remotename)%00%(upstream:remoteref) refs/heads/master refs/remotes/master [2ms]
2023-05-17 09:26:00.406 [info] > git status -z -uall [11ms]
2023-05-17 09:26:01.038 [info] > git check-ignore -v -z --stdin [3ms]
2023-05-17 09:26:13.015 [info] > git check-ignore -v -z --stdin [4ms]
2023-05-17 09:26:14.038 [info] > git check-ignore -v -z --stdin [4ms]
2023-05-17 09:26:15.553 [info] > git check-ignore -v -z --stdin [6ms]
2023-05-17 09:26:15.555 [info] > git check-ignore -v -z --stdin [3ms]
2023-05-17 09:26:22.619 [info] > git check-ignore -v -z --stdin [2ms]
2023-05-17 09:27:22.757 [info] > git check-ignore -v -z --stdin [2ms]
2023-05-17 09:27:22.982 [info] > git config --get commit.template [4ms]
2023-05-17 09:27:22.984 [info] > git for-each-ref --format=%(refname)%00%(upstream:short)%00%(objectname)%00%(upstream:track)%00%(upstream:remotename)%00%(upstream:remoteref) refs/heads/master refs/remotes/master [2ms]
2023-05-17 09:27:22.996 [info] > git status -z -uall [10ms]
2023-05-17 09:29:43.889 [info] > git rev-parse --show-toplevel [2ms]
2023-05-17 09:29:43.893 [info] > git rev-parse --git-dir --git-common-dir [1ms]
2023-05-17 09:29:43.898 [info] Open repository: /home/az/kmc
2023-05-17 09:29:43.911 [info] > git config --get commit.template [8ms]
2023-05-17 09:29:43.913 [info] > git for-each-ref --format=%(refname)%00%(upstream:short)%00%(objectname)%00%(upstream:track)%00%(upstream:remotename)%00%(upstream:remoteref) refs/heads/master refs/remotes/master [5ms]
2023-05-17 09:29:43.917 [info] > git status -z -uall [1ms]
2023-05-17 09:29:44.584 [info] > git check-ignore -v -z --stdin [7ms]
2023-05-17 09:29:44.585 [info] > git check-ignore -v -z --stdin [5ms]
2023-05-17 09:29:44.587 [info] > git check-ignore -v -z --stdin [3ms]
2023-05-17 09:29:48.047 [info] > git config --get commit.template [22ms]
2023-05-17 09:29:48.053 [info] > git for-each-ref --format=%(refname)%00%(upstream:short)%00%(objectname)%00%(upstream:track)%00%(upstream:remotename)%00%(upstream:remoteref) refs/heads/master refs/remotes/master [12ms]
2023-05-17 09:29:48.070 [info] > git status -z -uall [9ms]
2023-05-17 09:29:52.202 [info] > git check-ignore -v -z --stdin [2ms]
2023-05-17 09:29:53.121 [info] > git config --get commit.template [4ms]
2023-05-17 09:29:53.124 [info] > git for-each-ref --format=%(refname)%00%(upstream:short)%00%(objectname)%00%(upstream:track)%00%(upstream:remotename)%00%(upstream:remoteref) refs/heads/dev refs/remotes/dev [3ms]
2023-05-17 09:29:53.135 [info] > git status -z -uall [9ms]
2023-05-17 09:30:26.575 [info] > git check-ignore -v -z --stdin [3ms]
2023-05-17 09:35:25.984 [info] > git config --get commit.template [6ms]
2023-05-17 09:35:25.985 [info] > git for-each-ref --format=%(refname)%00%(upstream:short)%00%(objectname)%00%(upstream:track)%00%(upstream:remotename)%00%(upstream:remoteref) refs/heads/dev refs/remotes/dev [5ms]
2023-05-17 09:35:26.020 [info] > git status -z -uall [32ms]
2023-05-17 09:36:26.248 [info] > git config --get commit.template [4ms]
2023-05-17 09:36:26.250 [info] > git for-each-ref --format=%(refname)%00%(upstream:short)%00%(objectname)%00%(upstream:track)%00%(upstream:remotename)%00%(upstream:remoteref) refs/heads/main refs/remotes/main [1ms]
2023-05-17 09:36:26.255 [info] > git status -z -uall [3ms]
2023-05-17 09:36:32.977 [info] > git config --get commit.template [4ms]
2023-05-17 09:36:32.978 [info] > git for-each-ref --format=%(refname)%00%(upstream:short)%00%(objectname)%00%(upstream:track)%00%(upstream:remotename)%00%(upstream:remoteref) refs/heads/main refs/remotes/main [2ms]
2023-05-17 09:36:32.983 [info] > git status -z -uall [3ms]
2023-05-17 09:36:37.995 [info] > git config --get commit.template [4ms]
2023-05-17 09:36:37.997 [info] > git for-each-ref --format=%(refname)%00%(upstream:short)%00%(objectname)%00%(upstream:track)%00%(upstream:remotename)%00%(upstream:remoteref) refs/heads/main refs/remotes/main [2ms]
2023-05-17 09:36:38.002 [info] > git status -z -uall [2ms]
2023-05-17 09:36:53.918 [info] > git config --get commit.template [3ms]
2023-05-17 09:36:53.921 [info] > git for-each-ref --format=%(refname)%00%(upstream:short)%00%(objectname)%00%(upstream:track)%00%(upstream:remotename)%00%(upstream:remoteref) refs/heads/master refs/remotes/master [4ms]
2023-05-17 09:36:54.110 [info] > git status -z -uall [185ms]
2023-05-17 09:37:53.348 [info] > git rev-parse --show-toplevel [46ms]
2023-05-17 09:37:53.349 [info] fatal: not a git repository (or any of the parent directories): .git
2023-05-17 09:37:53.377 [info] > git rev-parse --show-toplevel [23ms]
2023-05-17 09:37:53.377 [info] fatal: not a git repository (or any of the parent directories): .git
2023-05-17 09:37:53.388 [info] > git rev-parse --show-toplevel [4ms]
2023-05-17 09:37:53.388 [info] fatal: not a git repository (or any of the parent directories): .git
2023-05-17 09:37:55.539 [info] > git for-each-ref --sort -committerdate --format %(refname) %(objectname) %(*objectname) [9ms]
2023-05-17 09:37:57.346 [info] > git for-each-ref --format %(refname:short)%00%(upstream:short) refs/heads [2ms]
2023-05-17 09:37:57.618 [info] > git checkout -q master [263ms]
2023-05-17 09:37:57.633 [info] > git config --get commit.template [9ms]
2023-05-17 09:37:57.635 [info] > git for-each-ref --format=%(refname)%00%(upstream:short)%00%(objectname)%00%(upstream:track)%00%(upstream:remotename)%00%(upstream:remoteref) refs/heads/master refs/remotes/master [2ms]
2023-05-17 09:37:57.650 [info] > git status -z -uall [9ms]
2023-05-17 09:37:58.861 [info] > git config --get commit.template [9ms]
2023-05-17 09:37:58.863 [info] > git for-each-ref --format=%(refname)%00%(upstream:short)%00%(objectname)%00%(upstream:track)%00%(upstream:remotename)%00%(upstream:remoteref) refs/heads/master refs/remotes/master [2ms]
2023-05-17 09:37:58.884 [info] > git status -z -uall [15ms]
2023-05-17 09:38:02.982 [info] > git for-each-ref --sort -committerdate --format %(refname) %(objectname) %(*objectname) [4ms]
2023-05-17 09:38:53.388 [info] > git config --get commit.template [20ms]
2023-05-17 09:38:53.392 [info] > git for-each-ref --format=%(refname)%00%(upstream:short)%00%(objectname)%00%(upstream:track)%00%(upstream:remotename)%00%(upstream:remoteref) refs/heads/main refs/remotes/main [18ms]
2023-05-17 09:38:53.409 [info] > git status -z -uall [13ms]
2023-05-17 09:38:58.424 [info] > git config --get commit.template [6ms]
2023-05-17 09:38:58.427 [info] > git for-each-ref --format=%(refname)%00%(upstream:short)%00%(objectname)%00%(upstream:track)%00%(upstream:remotename)%00%(upstream:remoteref) refs/heads/main refs/remotes/main [3ms]
2023-05-17 09:38:58.434 [info] > git status -z -uall [5ms]
2023-05-17 09:39:34.398 [info] > git rev-parse --show-toplevel [3ms]
2023-05-17 09:39:34.402 [info] > git rev-parse --git-dir --git-common-dir [1ms]
2023-05-17 09:39:34.409 [info] Open repository: /home/az/kmc-frontend
2023-05-17 09:39:34.421 [info] > git config --get commit.template [9ms]
2023-05-17 09:39:34.423 [info] > git for-each-ref --format=%(refname)%00%(upstream:short)%00%(objectname)%00%(upstream:track)%00%(upstream:remotename)%00%(upstream:remoteref) refs/heads/master refs/remotes/master [2ms]
2023-05-17 09:39:34.427 [info] > git status -z -uall [1ms]
2023-05-17 09:39:35.045 [info] > git check-ignore -v -z --stdin [11ms]
2023-05-17 09:39:35.046 [info] > git check-ignore -v -z --stdin [8ms]
2023-05-17 09:39:35.047 [info] > git check-ignore -v -z --stdin [5ms]
2023-05-17 09:39:35.050 [info] > git check-ignore -v -z --stdin [6ms]
2023-05-17 09:39:36.078 [info] > git config --get commit.template [6ms]
2023-05-17 09:39:36.081 [info] > git for-each-ref --format=%(refname)%00%(upstream:short)%00%(objectname)%00%(upstream:track)%00%(upstream:remotename)%00%(upstream:remoteref) refs/heads/master refs/remotes/master [4ms]
2023-05-17 09:39:36.087 [info] > git status -z -uall [3ms]
2023-05-17 09:39:49.305 [info] > git config --get commit.template [12ms]
2023-05-17 09:39:49.308 [info] > git for-each-ref --format=%(refname)%00%(upstream:short)%00%(objectname)%00%(upstream:track)%00%(upstream:remotename)%00%(upstream:remoteref) refs/heads/DEV refs/remotes/DEV [3ms]
2023-05-17 09:39:49.315 [info] > git status -z -uall [4ms]
2023-05-17 09:40:08.780 [info] > git config --get commit.template [5ms]
2023-05-17 09:40:08.781 [info] > git for-each-ref --format=%(refname)%00%(upstream:short)%00%(objectname)%00%(upstream:track)%00%(upstream:remotename)%00%(upstream:remoteref) refs/heads/DEV refs/remotes/DEV [2ms]
2023-05-17 09:40:08.787 [info] > git status -z -uall [3ms]
2023-05-17 09:40:13.867 [info] > git config --get commit.template [5ms]
2023-05-17 09:40:13.868 [info] > git for-each-ref --format=%(refname)%00%(upstream:short)%00%(objectname)%00%(upstream:track)%00%(upstream:remotename)%00%(upstream:remoteref) refs/heads/main refs/remotes/main [2ms]
2023-05-17 09:40:13.911 [info] > git status -z -uall [39ms]
2023-05-17 09:40:18.925 [info] > git config --get commit.template [4ms]
2023-05-17 09:40:18.926 [info] > git for-each-ref --format=%(refname)%00%(upstream:short)%00%(objectname)%00%(upstream:track)%00%(upstream:remotename)%00%(upstream:remoteref) refs/heads/main refs/remotes/main [2ms]
2023-05-17 09:40:18.969 [info] > git status -z -uall [40ms]
2023-05-17 09:40:23.981 [info] > git config --get commit.template [5ms]
2023-05-17 09:40:23.982 [info] > git for-each-ref --format=%(refname)%00%(upstream:short)%00%(objectname)%00%(upstream:track)%00%(upstream:remotename)%00%(upstream:remoteref) refs/heads/main refs/remotes/main [2ms]
2023-05-17 09:40:24.028 [info] > git status -z -uall [43ms]
