2023-05-17 10:39:15.277 [info] Log level: Info
2023-05-17 10:39:15.277 [info] Validating found git in: "git"
2023-05-17 10:39:15.277 [info] Using git "2.34.1" from "git"
2023-05-17 10:39:15.277 [info] > git rev-parse --show-toplevel [6ms]
2023-05-17 10:39:15.277 [info] > git rev-parse --git-dir --git-common-dir [2ms]
2023-05-17 10:39:15.277 [info] Open repository: /home/az/kmc-frontend
2023-05-17 10:39:15.277 [info] > git rev-parse --show-toplevel [6ms]
2023-05-17 10:39:15.277 [info] > git config --get commit.template [12ms]
2023-05-17 10:39:15.277 [info] > git for-each-ref --format=%(refname)%00%(upstream:short)%00%(objectname)%00%(upstream:track)%00%(upstream:remotename)%00%(upstream:remoteref) refs/heads/main refs/remotes/main [7ms]
2023-05-17 10:39:15.277 [info] > git status -z -uall [88ms]
2023-05-17 10:39:15.277 [info] > git config --get commit.template [10ms]
2023-05-17 10:39:15.277 [info] > git for-each-ref --format=%(refname)%00%(upstream:short)%00%(objectname)%00%(upstream:track)%00%(upstream:remotename)%00%(upstream:remoteref) refs/heads/main refs/remotes/main [10ms]
2023-05-17 10:39:15.277 [info] > git status -z -uall [184ms]
2023-05-17 10:39:15.277 [info] > git check-ignore -v -z --stdin [3ms]
2023-05-17 10:39:21.531 [info] > git config --get commit.template [5ms]
2023-05-17 10:39:21.533 [info] > git for-each-ref --format=%(refname)%00%(upstream:short)%00%(objectname)%00%(upstream:track)%00%(upstream:remotename)%00%(upstream:remoteref) refs/heads/main refs/remotes/main [3ms]
2023-05-17 10:39:21.575 [info] > git status -z -uall [40ms]
2023-05-17 10:40:18.267 [info] > git check-ignore -v -z --stdin [2ms]
2023-05-17 10:40:25.957 [info] > git check-ignore -v -z --stdin [3ms]
2023-05-17 10:40:28.222 [info] > git check-ignore -v -z --stdin [2ms]
2023-05-17 10:40:30.140 [info] > git show --textconv :KMC/src/environments/environment.ts [22ms]
2023-05-17 10:40:30.143 [info] > git ls-files --stage -- /home/az/kmc-frontend/KMC/src/environments/environment.ts [9ms]
2023-05-17 10:40:30.156 [info] > git cat-file -s 6a11ef7a58301417a5e65f1db919ea4f78647bf5 [7ms]
2023-05-17 10:41:08.413 [info] > git config --get commit.template [41ms]
2023-05-17 10:41:08.415 [info] > git for-each-ref --format=%(refname)%00%(upstream:short)%00%(objectname)%00%(upstream:track)%00%(upstream:remotename)%00%(upstream:remoteref) refs/heads/main refs/remotes/main [21ms]
2023-05-17 10:41:08.529 [info] > git status -z -uall [105ms]
2023-05-17 10:42:02.137 [info] > git show --textconv :KMC/package.json [11ms]
2023-05-17 10:42:02.139 [info] > git ls-files --stage -- /home/az/kmc-frontend/KMC/package.json [5ms]
2023-05-17 10:42:02.147 [info] > git cat-file -s 26d1179fd5da6b2ff9e44789e18b5e674b1f7dfc [1ms]
2023-05-17 10:42:04.074 [info] > git check-ignore -v -z --stdin [33ms]
2023-05-17 10:44:44.688 [info] > git config --get commit.template [5ms]
2023-05-17 10:44:44.690 [info] > git for-each-ref --format=%(refname)%00%(upstream:short)%00%(objectname)%00%(upstream:track)%00%(upstream:remotename)%00%(upstream:remoteref) refs/heads/main refs/remotes/main [4ms]
2023-05-17 10:44:44.761 [info] > git status -z -uall [67ms]
2023-05-17 10:44:45.908 [info] > git ls-files --stage -- /home/az/kmc-frontend/KMC/src/environments/environment.ts [6ms]
2023-05-17 10:44:45.913 [info] > git ls-files --stage -- /home/az/kmc-frontend/KMC/package.json [6ms]
2023-05-17 10:44:45.917 [info] > git cat-file -s 6a11ef7a58301417a5e65f1db919ea4f78647bf5 [5ms]
2023-05-17 10:44:45.919 [info] > git cat-file -s 26d1179fd5da6b2ff9e44789e18b5e674b1f7dfc [3ms]
2023-05-17 10:44:46.010 [info] > git show --textconv :KMC/src/environments/environment.ts [5ms]
2023-05-17 10:44:46.040 [info] > git show --textconv :KMC/package.json [2ms]
2023-05-17 10:46:13.332 [info] > git config --get commit.template [21ms]
2023-05-17 10:46:13.338 [info] > git for-each-ref --format=%(refname)%00%(upstream:short)%00%(objectname)%00%(upstream:track)%00%(upstream:remotename)%00%(upstream:remoteref) refs/heads/main refs/remotes/main [21ms]
2023-05-17 10:46:13.423 [info] > git status -z -uall [82ms]
2023-05-17 10:52:33.119 [info] > git config --get commit.template [15ms]
2023-05-17 10:52:33.128 [info] > git for-each-ref --format=%(refname)%00%(upstream:short)%00%(objectname)%00%(upstream:track)%00%(upstream:remotename)%00%(upstream:remoteref) refs/heads/main refs/remotes/main [17ms]
2023-05-17 10:52:33.249 [info] > git status -z -uall [114ms]
2023-05-17 10:52:46.653 [info] > git config --get commit.template [7ms]
2023-05-17 10:52:46.658 [info] > git for-each-ref --format=%(refname)%00%(upstream:short)%00%(objectname)%00%(upstream:track)%00%(upstream:remotename)%00%(upstream:remoteref) refs/heads/main refs/remotes/main [6ms]
2023-05-17 10:52:46.779 [info] > git status -z -uall [116ms]
2023-05-17 10:53:03.696 [info] > git config --get commit.template [18ms]
2023-05-17 10:53:03.704 [info] > git for-each-ref --format=%(refname)%00%(upstream:short)%00%(objectname)%00%(upstream:track)%00%(upstream:remotename)%00%(upstream:remoteref) refs/heads/main refs/remotes/main [21ms]
2023-05-17 10:53:03.933 [info] > git status -z -uall [208ms]
2023-05-17 10:53:08.994 [info] > git config --get commit.template [26ms]
2023-05-17 10:53:09.005 [info] > git for-each-ref --format=%(refname)%00%(upstream:short)%00%(objectname)%00%(upstream:track)%00%(upstream:remotename)%00%(upstream:remoteref) refs/heads/main refs/remotes/main [18ms]
2023-05-17 10:53:09.193 [info] > git status -z -uall [175ms]
2023-05-17 10:53:14.577 [info] > git config --get commit.template [19ms]
2023-05-17 10:53:14.583 [info] > git for-each-ref --format=%(refname)%00%(upstream:short)%00%(objectname)%00%(upstream:track)%00%(upstream:remotename)%00%(upstream:remoteref) refs/heads/main refs/remotes/main [11ms]
2023-05-17 10:53:14.693 [info] > git status -z -uall [104ms]
2023-05-17 10:53:31.728 [info] > git config --get commit.template [60ms]
2023-05-17 10:53:31.735 [info] > git for-each-ref --format=%(refname)%00%(upstream:short)%00%(objectname)%00%(upstream:track)%00%(upstream:remotename)%00%(upstream:remoteref) refs/heads/main refs/remotes/main [35ms]
2023-05-17 10:53:32.007 [info] > git status -z -uall [233ms]
2023-05-17 10:53:37.182 [info] > git config --get commit.template [23ms]
2023-05-17 10:53:37.200 [info] > git for-each-ref --format=%(refname)%00%(upstream:short)%00%(objectname)%00%(upstream:track)%00%(upstream:remotename)%00%(upstream:remoteref) refs/heads/main refs/remotes/main [23ms]
2023-05-17 10:53:37.380 [info] > git status -z -uall [160ms]
2023-05-17 10:53:42.519 [info] > git config --get commit.template [31ms]
2023-05-17 10:53:42.562 [info] > git for-each-ref --format=%(refname)%00%(upstream:short)%00%(objectname)%00%(upstream:track)%00%(upstream:remotename)%00%(upstream:remoteref) refs/heads/main refs/remotes/main [63ms]
2023-05-17 10:53:42.734 [info] > git status -z -uall [151ms]
2023-05-17 10:53:56.344 [info] > git config --get commit.template [27ms]
2023-05-17 10:53:56.354 [info] > git for-each-ref --format=%(refname)%00%(upstream:short)%00%(objectname)%00%(upstream:track)%00%(upstream:remotename)%00%(upstream:remoteref) refs/heads/main refs/remotes/main [20ms]
2023-05-17 10:53:56.486 [info] > git status -z -uall [116ms]
2023-05-17 10:54:10.296 [info] > git check-ignore -v -z --stdin [3ms]
2023-05-17 10:54:13.486 [info] > git check-ignore -v -z --stdin [3ms]
2023-05-17 10:54:21.678 [info] > git check-ignore -v -z --stdin [2ms]
2023-05-17 10:55:19.405 [info] > git config --get commit.template [27ms]
2023-05-17 10:55:19.424 [info] > git for-each-ref --format=%(refname)%00%(upstream:short)%00%(objectname)%00%(upstream:track)%00%(upstream:remotename)%00%(upstream:remoteref) refs/heads/main refs/remotes/main [21ms]
2023-05-17 10:55:19.493 [info] > git status -z -uall [54ms]
