2023-05-17 10:05:09.811 [info] Log level: Info
2023-05-17 10:05:09.811 [info] Validating found git in: "git"
2023-05-17 10:05:09.811 [info] Using git "2.34.1" from "git"
2023-05-17 10:05:09.811 [info] > git rev-parse --show-toplevel [44ms]
2023-05-17 10:05:09.811 [info] fatal: not a git repository (or any of the parent directories): .git
2023-05-17 10:05:09.811 [info] > git rev-parse --show-toplevel [2ms]
2023-05-17 10:05:09.811 [info] fatal: not a git repository (or any of the parent directories): .git
2023-05-17 10:05:09.811 [info] > git rev-parse --show-toplevel [3ms]
2023-05-17 10:05:09.811 [info] fatal: not a git repository (or any of the parent directories): .git
2023-05-17 10:05:09.811 [info] > git rev-parse --show-toplevel [1ms]
2023-05-17 10:05:09.811 [info] fatal: not a git repository (or any of the parent directories): .git
2023-05-17 10:05:09.812 [info] > git rev-parse --show-toplevel [1ms]
2023-05-17 10:05:09.812 [info] fatal: not a git repository (or any of the parent directories): .git
2023-05-17 10:05:09.812 [info] > git rev-parse --show-toplevel [5ms]
2023-05-17 10:05:09.812 [info] fatal: not a git repository (or any of the parent directories): .git
2023-05-17 10:05:09.812 [info] > git rev-parse --show-toplevel [1ms]
2023-05-17 10:05:09.812 [info] fatal: not a git repository (or any of the parent directories): .git
2023-05-17 10:05:09.812 [info] > git rev-parse --show-toplevel [1ms]
2023-05-17 10:05:09.812 [info] fatal: not a git repository (or any of the parent directories): .git
2023-05-17 10:05:09.812 [info] > git rev-parse --show-toplevel [6ms]
2023-05-17 10:05:09.812 [info] fatal: not a git repository (or any of the parent directories): .git
2023-05-17 10:05:09.812 [info] > git rev-parse --show-toplevel [35ms]
2023-05-17 10:05:09.812 [info] fatal: not a git repository (or any of the parent directories): .git
2023-05-17 10:09:17.022 [info] > git rev-parse --show-toplevel [3ms]
2023-05-17 10:09:17.022 [info] fatal: not a git repository (or any of the parent directories): .git
2023-05-17 10:12:26.628 [info] > git rev-parse --show-toplevel [3ms]
2023-05-17 10:12:26.628 [info] fatal: not a git repository (or any of the parent directories): .git
2023-05-17 10:38:22.043 [info] > git rev-parse --show-toplevel [7ms]
2023-05-17 10:38:22.044 [info] fatal: not a git repository (or any of the parent directories): .git
2023-05-17 11:01:38.581 [info] > git rev-parse --show-toplevel [12ms]
2023-05-17 11:01:38.582 [info] fatal: not a git repository (or any of the parent directories): .git
